<?xml version="1.0" encoding="UTF-8"?>
<!-- Generated by org.testng.reporters.JUnitXMLReporter -->
<testsuite ignored="0" hostname="DESKTOP-3NRNP42" failures="0" tests="3" name="Default test" time="2.656" errors="0" timestamp="2022-09-06T20:01:34 IST">
  <testcase classname="Tutorial8.Demo2" name="getRequest" time="1.488"/>
  <testcase classname="Tutorial8.Demo2" name="deleteRequest" time="0.045"/>
  <testcase classname="Tutorial8.Demo2" name="getAfterDeleteRequest" time="0.041"/>
</testsuite> <!-- Default test -->
