<?xml version="1.0" encoding="UTF-8"?>
<testng-results ignored="0" total="3" passed="3" failed="0" skipped="0">
  <reporter-output>
  </reporter-output>
  <suite started-at="2022-09-06T20:01:32 IST" name="Default suite" finished-at="2022-09-06T20:01:34 IST" duration-ms="2656">
    <groups>
    </groups>
    <test started-at="2022-09-06T20:01:32 IST" name="Default test" finished-at="2022-09-06T20:01:34 IST" duration-ms="2656">
      <class name="Tutorial8.Demo2">
        <test-method is-config="true" signature="setUP()[pri:0, instance:Tutorial8.Demo2@27ff5d15]" started-at="2022-09-06T20:01:32 IST" name="setUP" finished-at="2022-09-06T20:01:33 IST" duration-ms="996" status="PASS">
          <reporter-output>
          </reporter-output>
        </test-method> <!-- setUP -->
        <test-method signature="getRequest()[pri:1, instance:Tutorial8.Demo2@27ff5d15]" started-at="2022-09-06T20:01:33 IST" name="getRequest" finished-at="2022-09-06T20:01:34 IST" duration-ms="1488" status="PASS">
          <reporter-output>
          </reporter-output>
        </test-method> <!-- getRequest -->
        <test-method is-config="true" signature="setUP()[pri:0, instance:Tutorial8.Demo2@27ff5d15]" started-at="2022-09-06T20:01:34 IST" name="setUP" finished-at="2022-09-06T20:01:34 IST" duration-ms="1" status="PASS">
          <reporter-output>
          </reporter-output>
        </test-method> <!-- setUP -->
        <test-method signature="deleteRequest()[pri:2, instance:Tutorial8.Demo2@27ff5d15]" started-at="2022-09-06T20:01:34 IST" name="deleteRequest" finished-at="2022-09-06T20:01:34 IST" duration-ms="45" status="PASS">
          <reporter-output>
          </reporter-output>
        </test-method> <!-- deleteRequest -->
        <test-method is-config="true" signature="setUP()[pri:0, instance:Tutorial8.Demo2@27ff5d15]" started-at="2022-09-06T20:01:34 IST" name="setUP" finished-at="2022-09-06T20:01:34 IST" duration-ms="0" status="PASS">
          <reporter-output>
          </reporter-output>
        </test-method> <!-- setUP -->
        <test-method signature="getAfterDeleteRequest()[pri:3, instance:Tutorial8.Demo2@27ff5d15]" started-at="2022-09-06T20:01:34 IST" name="getAfterDeleteRequest" finished-at="2022-09-06T20:01:34 IST" duration-ms="41" status="PASS">
          <reporter-output>
          </reporter-output>
        </test-method> <!-- getAfterDeleteRequest -->
      </class> <!-- Tutorial8.Demo2 -->
    </test> <!-- Default test -->
  </suite> <!-- Default suite -->
</testng-results>
